T288C 4771:697 SEGGER J-Link V6.12 Log File (0009ms, 40397ms total)
T288C 4771:697 DLL Compiled: Nov 25 2016 18:08:26 (0009ms, 40397ms total)
T288C 4771:697 Logging started @ 2017-07-29 19:53 (0009ms, 40397ms total)
T288C 4771:842 JLINK_ExecCommand("Device = AT91SAM3X8E", ...).   returns 0x00 (0002ms, 40399ms total)
T288C 4771:864 JLINK_ExecCommand("ProjectFile = C:\Users\masil\OneDrive\Documents\GitHub\SAM_RTC\SAM_RTC\jlink.config", ...).   returns 0x00 (0002ms, 40401ms total)
T288C 4771:967 JLINK_ExecCommand("Device = AT91SAM3X8E", ...).   returns 0x00 (0001ms, 40402ms total)
T288C 4771:968 JLINK_TIF_Select(JLINKARM_TIF_JTAG)  returns 0x00 (0000ms, 40402ms total)
T288C 4771:968 JLINK_GetIdData(...) ScanLen=4 NumDevices=1 aId[0]=0x4BA00477 aIrRead[0]=0 aScanLen[0]=0 aScanRead[0]=0 (0000ms, 40402ms total)
T288C 4771:968 JLINK_ConfigJTAG(IRPre = 0, DRPre = 0) (0000ms, 40402ms total)
T288C 4771:968 JLINK_SetSpeed(4000) (0000ms, 40402ms total)
T288C 4771:968 JLINK_ResetPullsRESET(OFF) (0000ms, 40402ms total)
T288C 4771:968 JLINK_Connect() >0x2F8 JTAG>TotalIRLen = ?, IRPrint = 0x..000000000000000000000000 >0xC8 JTAG>  returns 0x01 (0002ms, 40404ms total)
T288C 4771:970 JLINK_ResetPullsRESET(ON) (0000ms, 40404ms total)
T288C 4771:970 JLINK_ResetNoHalt() >0x2F8 JTAG>TotalIRLen = ?, IRPrint = 0x..000000000000000000000000 >0xC8 JTAG> (0002ms, 40406ms total)
T288C 4771:974 JLINK_GetHWStatus(...)  returns 0x00 (0000ms, 40406ms total)
T288C 4818:031 JLINK_EMU_SelectByUSBSN(SerialNo = 269301870)  returns 0xFFFFFFFF (0000ms, 40406ms total)
T288C 4818:031 JLINK_GetFirmwareString(...) (0000ms, 40406ms total)
T288C 4818:031 JLINK_GetHardwareVersion()  returns 0x16B48 (0000ms, 40406ms total)
T288C 4818:031 JLINK_GetDLLVersion()  returns 61200 (0000ms, 40406ms total)
T288C 4818:138 JLINK_ExecCommand("ProjectFile = C:\Users\masil\OneDrive\Documents\GitHub\SAM_RTC\SAM_RTC\jlink.config", ...).   returns 0x00 (0002ms, 40408ms total)
T288C 4818:282 JLINK_ExecCommand("Device = AT91SAM3X8E", ...).   returns 0x00 (0002ms, 40410ms total)
T288C 4818:293 JLINK_ExecCommand("ProjectFile = C:\Users\masil\OneDrive\Documents\GitHub\SAM_RTC\SAM_RTC\jlink.config", ...).   returns 0x00 (0002ms, 40412ms total)
T288C 4818:428 JLINK_ExecCommand("Device = AT91SAM3X8E", ...).   returns 0x00 (0003ms, 40415ms total)
T288C 4818:431 JLINK_TIF_Select(JLINKARM_TIF_JTAG)  returns 0x00 (0000ms, 40415ms total)
T288C 4818:431 JLINK_GetIdData(...) >0x2F8 JTAG>TotalIRLen = 4, IRPrint = 0x01 >0x30 JTAG> >0x410 JTAG> >0x70 JTAG> >0x48 JTAG> >0x40 JTAG> >0x48 JTAG>AP-IDR: 0x24770011, Type: AHB-APStart searching for Cortex-M ROM table with ROMTable[0] @ 0xE00FF000.ROMTable[1]: Cortex-M ROM table found. >0x78 JTAG> >0x40 JTAG> >0x30 JTAG> >0x40 JTAG> >0x40 JTAG> >0x30 JTAG> >0x40 JTAG> >0x48 JTAG> -- CPU_ReadMem(4 bytes @ 0xE000EDF0) -- CPU_WriteMem(4 bytes @ 0xE000EDF0) -- CPU_ReadMem(4 bytes @ 0xE0002000)
 -- CPU_ReadMem(4 bytes @ 0xE000EDFC) -- CPU_WriteMem(4 bytes @ 0xE000EDFC) -- CPU_ReadMem(4 bytes @ 0xE0001000) -- CPU_WriteMem(4 bytes @ 0xE0001000) -- CPU_ReadMem(4 bytes @ 0xE000ED88) -- CPU_WriteMem(4 bytes @ 0xE000ED88) -- CPU_ReadMem(4 bytes @ 0xE000ED88) -- CPU_WriteMem(4 bytes @ 0xE000ED88)CoreSight components:ROMTbl 0 @ E00FF000 -- CPU_ReadMem(16 bytes @ 0xE00FF000) -- CPU_ReadMem(16 bytes @ 0xE000EFF0) -- CPU_ReadMem(16 bytes @ 0xE000EFE0)
ROMTbl 0 [0]: FFF0F000, CID: B105E00D, PID: 002BB000 SCS -- CPU_ReadMem(16 bytes @ 0xE0001FF0) -- CPU_ReadMem(16 bytes @ 0xE0001FE0)ROMTbl 0 [1]: FFF02000, CID: B105E00D, PID: 002BB002 DWT -- CPU_ReadMem(16 bytes @ 0xE0002FF0) -- CPU_ReadMem(16 bytes @ 0xE0002FE0)ROMTbl 0 [2]: FFF03000, CID: B105E00D, PID: 002BB003 FPB -- CPU_ReadMem(16 bytes @ 0xE0000FF0) -- CPU_ReadMem(16 bytes @ 0xE0000FE0)ROMTbl 0 [3]: FFF01000, CID: B105E00D, PID: 002BB001 ITM -- CPU_ReadMem(16 bytes @ 0xE00FF010)
 -- CPU_ReadMem(16 bytes @ 0xE0040FF0) -- CPU_ReadMem(16 bytes @ 0xE0040FE0)ROMTbl 0 [4]: FFF41000, CID: B105900D, PID: 002BB923 TPIU-Lite ScanLen=4 NumDevices=1 aId[0]=0x4BA00477 aIrRead[0]=0 aScanLen[0]=0 aScanRead[0]=0 (0011ms, 40426ms total)
T288C 4818:442 JLINK_ConfigJTAG(IRPre = 0, DRPre = 0) (0000ms, 40426ms total)
T288C 4818:442 JLINK_SetSpeed(4000) (0000ms, 40426ms total)
T288C 4818:442 JLINK_ResetPullsRESET(OFF) (0000ms, 40426ms total)
T288C 4818:442 JLINK_Connect() >0x2F8 JTAG>TotalIRLen = 4, IRPrint = 0x01 >0x30 JTAG> >0x410 JTAG> >0x70 JTAG> >0x48 JTAG> >0x40 JTAG> >0x48 JTAG>AP-IDR: 0x24770011, Type: AHB-APStart searching for Cortex-M ROM table with ROMTable[0] @ 0xE00FF000.ROMTable[1]: Cortex-M ROM table found. >0x78 JTAG> >0x40 JTAG> >0x30 JTAG> >0x40 JTAG> >0x40 JTAG> >0x30 JTAG> >0x40 JTAG> >0x48 JTAG> -- CPU_ReadMem(4 bytes @ 0xE000EDF0) -- CPU_ReadMem(4 bytes @ 0xE0002000) -- CPU_ReadMem(4 bytes @ 0xE000EDFC)
 -- CPU_ReadMem(4 bytes @ 0xE0001000) -- CPU_WriteMem(4 bytes @ 0xE0001000) -- CPU_ReadMem(4 bytes @ 0xE000ED88) -- CPU_WriteMem(4 bytes @ 0xE000ED88) -- CPU_ReadMem(4 bytes @ 0xE000ED88) -- CPU_WriteMem(4 bytes @ 0xE000ED88)CoreSight components:ROMTbl 0 @ E00FF000 -- CPU_ReadMem(16 bytes @ 0xE00FF000) -- CPU_ReadMem(16 bytes @ 0xE000EFF0) -- CPU_ReadMem(16 bytes @ 0xE000EFE0)ROMTbl 0 [0]: FFF0F000, CID: B105E00D, PID: 002BB000 SCS -- CPU_ReadMem(16 bytes @ 0xE0001FF0)
 -- CPU_ReadMem(16 bytes @ 0xE0001FE0)ROMTbl 0 [1]: FFF02000, CID: B105E00D, PID: 002BB002 DWT -- CPU_ReadMem(16 bytes @ 0xE0002FF0) -- CPU_ReadMem(16 bytes @ 0xE0002FE0)ROMTbl 0 [2]: FFF03000, CID: B105E00D, PID: 002BB003 FPB -- CPU_ReadMem(16 bytes @ 0xE0000FF0) -- CPU_ReadMem(16 bytes @ 0xE0000FE0)ROMTbl 0 [3]: FFF01000, CID: B105E00D, PID: 002BB001 ITM -- CPU_ReadMem(16 bytes @ 0xE00FF010) -- CPU_ReadMem(16 bytes @ 0xE0040FF0) -- CPU_ReadMem(16 bytes @ 0xE0040FE0)
ROMTbl 0 [4]: FFF41000, CID: B105900D, PID: 002BB923 TPIU-Lite  returns 0x00 (0012ms, 40438ms total)
T288C 4818:454 JLINK_Halt()  returns 0x00 (0002ms, 40440ms total)
T288C 4818:456 JLINK_WriteMem(0x400E0A04, 0x0004 Bytes, ...) - Data: 0B 01 00 5A -- CPU_WriteMem(4 bytes @ 0x400E0A04)  returns 0x04 (0000ms, 40440ms total)
T288C 4818:456 JLINK_ReadMem (0x400E0A08, 0x0004 Bytes, ...) -- CPU_ReadMem(4 bytes @ 0x400E0A08) - Data: 01 00 00 00  returns 0x00 (0001ms, 40441ms total)
T288C 4818:457 JLINK_WriteMem(0x400E0A04, 0x0004 Bytes, ...) - Data: 0C 02 00 5A -- CPU_WriteMem(4 bytes @ 0x400E0A04)  returns 0x04 (0000ms, 40441ms total)
T288C 4818:457 JLINK_ReadMem (0x400E0A08, 0x0004 Bytes, ...) -- CPU_ReadMem(4 bytes @ 0x400E0A08) - Data: 01 00 00 00  returns 0x00 (0000ms, 40441ms total)
T288C 4818:457 JLINK_Reset() -- CPU_ReadMem(16 bytes @ 0x20000000) -- CPU_WriteMem(16 bytes @ 0x20000000) -- CPU_ReadMem(4 bytes @ 0xE000EDFC) -- CPU_WriteMem(4 bytes @ 0xE000EDFC) -- CPU_ReadMem(4 bytes @ 0xE0001000) -- CPU_WriteMem(4 bytes @ 0xE000ED0C) -- CPU_ReadMem(4 bytes @ 0xE000EDF0) -- CPU_ReadMem(4 bytes @ 0xE000EDF0) -- CPU_WriteMem(4 bytes @ 0xE000EDFC) -- CPU_WriteMem(16 bytes @ 0x20000000) -- CPU_WriteMem(4 bytes @ 0xE0002000) -- CPU_ReadMem(4 bytes @ 0xE000EDFC)
 -- CPU_ReadMem(4 bytes @ 0xE0001000) (0023ms, 40464ms total)
T288C 4818:487 JLINK_JTAG_GetDeviceID(DeviceIndex = 0)  returns 0x4BA00477 (0000ms, 40464ms total)
T288C 4818:487 JLINK_ReadMemU32(0x400E0940, 0x0001 Items, ...) -- CPU_ReadMem(4 bytes @ 0x400E0940) - Data: 60 0A 5E 28  returns 0x01 (0001ms, 40465ms total)
T288C 4818:488 JLINK_ReadMemU32(0x400E0944, 0x0001 Items, ...) -- CPU_ReadMem(4 bytes @ 0x400E0944) - Data: 00 00 00 00  returns 0x01 (0001ms, 40466ms total)
T288C 4818:489 JLINK_WriteMem(0x400E0A04, 0x0004 Bytes, ...) - Data: 05 00 00 5A -- CPU_WriteMem(4 bytes @ 0x400E0A04)  returns 0x04 (0001ms, 40467ms total)
T288C 4818:490 JLINK_WriteMem(0x400E0C04, 0x0004 Bytes, ...) - Data: 05 00 00 5A -- CPU_WriteMem(4 bytes @ 0x400E0C04)  returns 0x04 (0001ms, 40468ms total)
T288C 4818:491 JLINK_ReadMem (0x400E0A08, 0x0004 Bytes, ...) -- CPU_ReadMem(4 bytes @ 0x400E0A08) - Data: 00 00 00 00  returns 0x00 (0000ms, 40468ms total)
T1D38 4818:492 JLINK_IsHalted()  returns TRUE (0000ms, 40468ms total)
T1D38 4818:492 JLINK_GetMOEs(...) -- CPU_ReadMem(4 bytes @ 0xE000ED30)  returns 0x01 (0000ms, 40468ms total)
T1D38 4818:492 JLINK_ReadReg(R15 (PC))  returns 0x00080798 (0001ms, 40469ms total)
T288C 4818:493 JLINK_ReadMem (0x400E0A08, 0x0004 Bytes, ...) -- CPU_ReadMem(4 bytes @ 0x400E0A08) - Data: 00 00 00 00  returns 0x00 (0000ms, 40469ms total)
T288C 4818:498 JLINK_ReadMem (0x400E0A08, 0x0004 Bytes, ...) -- CPU_ReadMem(4 bytes @ 0x400E0A08) - Data: 00 00 00 00  returns 0x00 (0000ms, 40469ms total)
T288C 4818:515 JLINK_ReadMem (0x400E0A08, 0x0004 Bytes, ...) -- CPU_ReadMem(4 bytes @ 0x400E0A08) - Data: 01 00 00 00  returns 0x00 (0000ms, 40469ms total)
T288C 4818:515 JLINK_ReadMem (0x400E0C08, 0x0004 Bytes, ...) -- CPU_ReadMem(4 bytes @ 0x400E0C08) - Data: 01 00 00 00  returns 0x00 (0001ms, 40470ms total)
T1D38 4818:693 JLINK_IsHalted()  returns TRUE (0000ms, 40470ms total)
T288C 4818:694 JLINK_ResetPullsRESET(ON) (0000ms, 40470ms total)
T288C 4818:694 JLINK_ResetNoHalt() >0x2F8 JTAG>TotalIRLen = 4, IRPrint = 0x01 >0x30 JTAG> >0x410 JTAG> >0x70 JTAG> >0x48 JTAG> >0x40 JTAG> >0x48 JTAG>AP-IDR: 0x24770011, Type: AHB-APStart searching for Cortex-M ROM table with ROMTable[0] @ 0xE00FF000.ROMTable[1]: Cortex-M ROM table found. >0x78 JTAG> >0x40 JTAG> >0x30 JTAG> >0x40 JTAG> >0x40 JTAG> >0x30 JTAG> >0x40 JTAG> >0x48 JTAG> -- CPU_ReadMem(4 bytes @ 0xE000EDF0) -- CPU_ReadMem(4 bytes @ 0xE0002000) -- CPU_ReadMem(4 bytes @ 0xE000EDFC)
 -- CPU_ReadMem(4 bytes @ 0xE0001000) -- CPU_ReadMem(4 bytes @ 0xE000ED88) -- CPU_WriteMem(4 bytes @ 0xE000ED88) -- CPU_ReadMem(4 bytes @ 0xE000ED88) -- CPU_WriteMem(4 bytes @ 0xE000ED88)CoreSight components:ROMTbl 0 @ E00FF000 -- CPU_ReadMem(16 bytes @ 0xE00FF000) -- CPU_ReadMem(16 bytes @ 0xE000EFF0) -- CPU_ReadMem(16 bytes @ 0xE000EFE0)ROMTbl 0 [0]: FFF0F000, CID: B105E00D, PID: 002BB000 SCS -- CPU_WriteMem(4 bytes @ 0xE0001000) -- CPU_ReadMem(16 bytes @ 0xE0001FF0)
 -- CPU_ReadMem(16 bytes @ 0xE0001FE0)ROMTbl 0 [1]: FFF02000, CID: B105E00D, PID: 002BB002 DWT -- CPU_ReadMem(16 bytes @ 0xE0002FF0) -- CPU_ReadMem(16 bytes @ 0xE0002FE0)ROMTbl 0 [2]: FFF03000, CID: B105E00D, PID: 002BB003 FPB -- CPU_ReadMem(16 bytes @ 0xE0000FF0) -- CPU_ReadMem(16 bytes @ 0xE0000FE0)ROMTbl 0 [3]: FFF01000, CID: B105E00D, PID: 002BB001 ITM -- CPU_ReadMem(16 bytes @ 0xE00FF010) -- CPU_ReadMem(16 bytes @ 0xE0040FF0) -- CPU_ReadMem(16 bytes @ 0xE0040FE0)
ROMTbl 0 [4]: FFF41000, CID: B105900D, PID: 002BB923 TPIU-Lite
                JLINK_Reset() -- CPU_ReadMem(16 bytes @ 0x20000000) -- CPU_WriteMem(16 bytes @ 0x20000000) -- CPU_ReadMem(4 bytes @ 0xE000EDFC) -- CPU_WriteMem(4 bytes @ 0xE000EDFC) -- CPU_ReadMem(4 bytes @ 0xE0001000) -- CPU_WriteMem(4 bytes @ 0xE0001004) -- CPU_WriteMem(4 bytes @ 0xE000ED0C) -- CPU_ReadMem(4 bytes @ 0xE000EDF0) -- CPU_ReadMem(4 bytes @ 0xE000EDF0) -- CPU_WriteMem(4 bytes @ 0xE000EDFC) -- CPU_WriteMem(16 bytes @ 0x20000000) -- CPU_WriteMem(4 bytes @ 0xE0002000)
 -- CPU_ReadMem(4 bytes @ 0xE000EDFC) -- CPU_ReadMem(4 bytes @ 0xE0001000) (0019ms, 0019ms total)
                JLINK_Go() -- CPU_ReadMem(4 bytes @ 0xE0001000) -- CPU_WriteMem(4 bytes @ 0xE0002008) -- CPU_WriteMem(4 bytes @ 0xE000200C) -- CPU_WriteMem(4 bytes @ 0xE0002010) -- CPU_WriteMem(4 bytes @ 0xE0002014) -- CPU_WriteMem(4 bytes @ 0xE0002018) -- CPU_WriteMem(4 bytes @ 0xE000201C) -- CPU_WriteMem(4 bytes @ 0xE0001004) (0002ms, 0021ms total)
               (0033ms, 40503ms total)
T288C 4818:728 JLINK_ExecCommand("ProjectFile = C:\Users\masil\OneDrive\Documents\GitHub\SAM_RTC\SAM_RTC\jlink.config", ...).   returns 0x00 (0002ms, 40505ms total)
T288C 4818:872 JLINK_ExecCommand("Device = AT91SAM3X8E", ...).   returns 0x00 (0002ms, 40507ms total)
T288C 4818:874 JLINK_TIF_Select(JLINKARM_TIF_JTAG)  returns 0x00 (0000ms, 40507ms total)
T288C 4818:874 JLINK_GetIdData(...) ScanLen=4 NumDevices=1 aId[0]=0x4BA00477 aIrRead[0]=0 aScanLen[0]=0 aScanRead[0]=0 (0000ms, 40507ms total)
T288C 4818:874 JLINK_ConfigJTAG(IRPre = 0, DRPre = 0) (0000ms, 40507ms total)
T288C 4818:874 JLINK_SetSpeed(4000) (0000ms, 40507ms total)
T288C 4818:874 JLINK_ResetPullsRESET(OFF) (0000ms, 40507ms total)
T288C 4818:874 JLINK_Connect() >0x2F8 JTAG>TotalIRLen = 4, IRPrint = 0x01 >0x30 JTAG> >0x410 JTAG> >0x70 JTAG> >0x48 JTAG> >0x40 JTAG> >0x48 JTAG>AP-IDR: 0x24770011, Type: AHB-APStart searching for Cortex-M ROM table with ROMTable[0] @ 0xE00FF000.ROMTable[1]: Cortex-M ROM table found. >0x78 JTAG> >0x40 JTAG> >0x30 JTAG> >0x40 JTAG> >0x40 JTAG> >0x30 JTAG> >0x40 JTAG> >0x48 JTAG> -- CPU_ReadMem(4 bytes @ 0xE000EDF0) -- CPU_ReadMem(4 bytes @ 0xE0002000) -- CPU_ReadMem(4 bytes @ 0xE000EDFC)
 -- CPU_ReadMem(4 bytes @ 0xE0001000) -- CPU_WriteMem(4 bytes @ 0xE0001000) -- CPU_ReadMem(4 bytes @ 0xE000ED88) -- CPU_WriteMem(4 bytes @ 0xE000ED88) -- CPU_ReadMem(4 bytes @ 0xE000ED88) -- CPU_WriteMem(4 bytes @ 0xE000ED88)CoreSight components:ROMTbl 0 @ E00FF000 -- CPU_ReadMem(16 bytes @ 0xE00FF000) -- CPU_ReadMem(16 bytes @ 0xE000EFF0) -- CPU_ReadMem(16 bytes @ 0xE000EFE0)ROMTbl 0 [0]: FFF0F000, CID: B105E00D, PID: 002BB000 SCS -- CPU_ReadMem(16 bytes @ 0xE0001FF0)
 -- CPU_ReadMem(16 bytes @ 0xE0001FE0)ROMTbl 0 [1]: FFF02000, CID: B105E00D, PID: 002BB002 DWT -- CPU_ReadMem(16 bytes @ 0xE0002FF0) -- CPU_ReadMem(16 bytes @ 0xE0002FE0)ROMTbl 0 [2]: FFF03000, CID: B105E00D, PID: 002BB003 FPB -- CPU_ReadMem(16 bytes @ 0xE0000FF0) -- CPU_ReadMem(16 bytes @ 0xE0000FE0)ROMTbl 0 [3]: FFF01000, CID: B105E00D, PID: 002BB001 ITM -- CPU_ReadMem(16 bytes @ 0xE00FF010) -- CPU_ReadMem(16 bytes @ 0xE0040FF0) -- CPU_ReadMem(16 bytes @ 0xE0040FE0)
ROMTbl 0 [4]: FFF41000, CID: B105900D, PID: 002BB923 TPIU-Lite  returns 0x00 (0012ms, 40519ms total)
T288C 4818:886 JLINK_Halt()  returns 0x00 (0002ms, 40521ms total)
T288C 4818:889 JLINK_WriteMem(0x400E0A04, 0x0004 Bytes, ...) - Data: 0B 01 00 5A -- CPU_WriteMem(4 bytes @ 0x400E0A04)  returns 0x04 (0000ms, 40521ms total)
T288C 4818:889 JLINK_ReadMem (0x400E0A08, 0x0004 Bytes, ...) -- CPU_ReadMem(4 bytes @ 0x400E0A08) - Data: 01 00 00 00  returns 0x00 (0000ms, 40521ms total)
T288C 4818:889 JLINK_WriteMem(0x400E0A04, 0x0004 Bytes, ...) - Data: 0C 02 00 5A -- CPU_WriteMem(4 bytes @ 0x400E0A04)  returns 0x04 (0001ms, 40522ms total)
T288C 4818:890 JLINK_ReadMem (0x400E0A08, 0x0004 Bytes, ...) -- CPU_ReadMem(4 bytes @ 0x400E0A08) - Data: 01 00 00 00  returns 0x00 (0001ms, 40523ms total)
T288C 4818:891 JLINK_Reset() -- CPU_ReadMem(16 bytes @ 0x20000000) -- CPU_WriteMem(16 bytes @ 0x20000000) -- CPU_ReadMem(4 bytes @ 0xE000EDFC) -- CPU_WriteMem(4 bytes @ 0xE000EDFC) -- CPU_ReadMem(4 bytes @ 0xE0001000) -- CPU_WriteMem(4 bytes @ 0xE000ED0C) -- CPU_ReadMem(4 bytes @ 0xE000EDF0) -- CPU_ReadMem(4 bytes @ 0xE000EDF0) -- CPU_WriteMem(4 bytes @ 0xE000EDFC) -- CPU_WriteMem(16 bytes @ 0x20000000) -- CPU_WriteMem(4 bytes @ 0xE0002000) -- CPU_ReadMem(4 bytes @ 0xE000EDFC)
 -- CPU_ReadMem(4 bytes @ 0xE0001000) (0020ms, 40543ms total)
T288C 4818:912 JLINK_JTAG_GetDeviceID(DeviceIndex = 0)  returns 0x4BA00477 (0001ms, 40544ms total)
T288C 4818:913 JLINK_ReadMemU32(0x400E0940, 0x0001 Items, ...) -- CPU_ReadMem(4 bytes @ 0x400E0940) - Data: 60 0A 5E 28  returns 0x01 (0000ms, 40544ms total)
T288C 4818:913 JLINK_ReadMemU32(0x400E0944, 0x0001 Items, ...) -- CPU_ReadMem(4 bytes @ 0x400E0944) - Data: 00 00 00 00  returns 0x01 (0001ms, 40545ms total)
T16EC 4818:921 JLINK_IsHalted()  returns TRUE (0000ms, 40545ms total)
T16EC 4818:921 JLINK_GetMOEs(...) -- CPU_ReadMem(4 bytes @ 0xE000ED30)  returns 0x01 (0000ms, 40545ms total)
T16EC 4818:921 JLINK_ReadReg(R15 (PC))  returns 0xFFFFFFFE (0000ms, 40545ms total)
T288C 4818:929 JLINK_BeginDownload(Flags = 0x00) (0000ms, 40545ms total)
T288C 4818:929 JLINK_WriteMem(0x00080000, 0x0FA0 Bytes, ...) - Data: F8 25 07 20 B9 07 08 00 B5 07 08 00 B5 07 08 00 ...  returns 0xFA0 (0000ms, 40545ms total)
T288C 4818:929 JLINK_WriteMem(0x00080FA0, 0x0008 Bytes, ...) - Data: A8 FB FF 7F 01 00 00 00  returns 0x08 (0000ms, 40545ms total)
T288C 4818:930 JLINK_WriteMem(0x00080FA8, 0x0568 Bytes, ...) - Data: BF F3 5F 8F 01 38 FB D1 70 47 00 00 4F F4 80 63 ...  returns 0x568 (0000ms, 40545ms total)
T16EC 4819:122 JLINK_IsHalted()  returns TRUE (0000ms, 40545ms total)
T288C 4819:122 JLINK_EndDownload() -- -------------------------------------- -- Start of determining dirty areas in flash cache -- End of determining dirty areas -- Start of preparing flash programming -- Calculating RAM usage -- RAM usage = 2868 Bytes -- Preserving CPU registers -- Preparing memory -- Determining CPU clock frequency -- Preparing target -- Preserving target RAM temporarily used for programming -- Downloading RAMCode -- Checking target RAM -- Preparing RAMCode
 -- End of preparing flash programming -- CPU speed could not be measured. -- Start of comparing flash -- CRC check was estimated as fastest method -- Comparing range 0x80000 - 0x815FF (22 Sectors, 5 KB), using multi-block CRC calculation -- CRC does not match for sectors 0-21 -- End of comparing flash -- Start of erasing sectors -- End of erasing sectors -- Start of flash programming -- Programming range 0x00080000 - 0x000815FF (022 Sectors, 5 KB) -- End of flash programming
 -- 0x80000 - 0x815FF (022 Sectors, 5 KB) -- Start of verifying flash -- Checksum calculation was estimated as fastest method -- Checksum is not supported by this flash bank. Switched to CRC method. -- End of verifying flash -- Start of restoring -- Restoring RAMCode -- Restoring target memory -- Restore target -- Restore memory -- Restoring CPU registers -- End of restoring -- Flash programming performed for 1 range (5632 bytes)
 -- Total time needed: 0.153s (Prepare: 0.049s, Compare: 0.008s, Erase: 0.000s, Program: 0.070s, Verify: 0.002s, Restore: 0.021s)  returns 0x1600 (0158ms, 40703ms total)
T288C 4819:280 JLINK_ResetPullsRESET(ON) (0000ms, 40703ms total)
T288C 4819:280 JLINK_ResetNoHalt() >0x2F8 JTAG>TotalIRLen = 4, IRPrint = 0x01 >0x30 JTAG> >0x410 JTAG> >0x70 JTAG> >0x48 JTAG> >0x40 JTAG> >0x48 JTAG>AP-IDR: 0x24770011, Type: AHB-APStart searching for Cortex-M ROM table with ROMTable[0] @ 0xE00FF000.ROMTable[1]: Cortex-M ROM table found. >0x78 JTAG> >0x40 JTAG> >0x30 JTAG> >0x40 JTAG> >0x40 JTAG> >0x30 JTAG> >0x40 JTAG> >0x48 JTAG> -- CPU_ReadMem(4 bytes @ 0xE000EDF0) -- CPU_ReadMem(4 bytes @ 0xE0002000) -- CPU_ReadMem(4 bytes @ 0xE000EDFC)
 -- CPU_ReadMem(4 bytes @ 0xE0001000) -- CPU_ReadMem(4 bytes @ 0xE000ED88) -- CPU_WriteMem(4 bytes @ 0xE000ED88) -- CPU_ReadMem(4 bytes @ 0xE000ED88) -- CPU_WriteMem(4 bytes @ 0xE000ED88)CoreSight components:ROMTbl 0 @ E00FF000 -- CPU_ReadMem(16 bytes @ 0xE00FF000) -- CPU_ReadMem(16 bytes @ 0xE000EFF0) -- CPU_ReadMem(16 bytes @ 0xE000EFE0)ROMTbl 0 [0]: FFF0F000, CID: B105E00D, PID: 002BB000 SCS -- CPU_WriteMem(4 bytes @ 0xE0001000) -- CPU_ReadMem(16 bytes @ 0xE0001FF0)
 -- CPU_ReadMem(16 bytes @ 0xE0001FE0)ROMTbl 0 [1]: FFF02000, CID: B105E00D, PID: 002BB002 DWT -- CPU_ReadMem(16 bytes @ 0xE0002FF0) -- CPU_ReadMem(16 bytes @ 0xE0002FE0)ROMTbl 0 [2]: FFF03000, CID: B105E00D, PID: 002BB003 FPB -- CPU_ReadMem(16 bytes @ 0xE0000FF0) -- CPU_ReadMem(16 bytes @ 0xE0000FE0)ROMTbl 0 [3]: FFF01000, CID: B105E00D, PID: 002BB001 ITM -- CPU_ReadMem(16 bytes @ 0xE00FF010) -- CPU_ReadMem(16 bytes @ 0xE0040FF0) -- CPU_ReadMem(16 bytes @ 0xE0040FE0)
ROMTbl 0 [4]: FFF41000, CID: B105900D, PID: 002BB923 TPIU-Lite
                JLINK_Reset() -- CPU_ReadMem(16 bytes @ 0x20000000) -- CPU_WriteMem(16 bytes @ 0x20000000) -- CPU_ReadMem(4 bytes @ 0xE000EDFC) -- CPU_WriteMem(4 bytes @ 0xE000EDFC) -- CPU_ReadMem(4 bytes @ 0xE0001000) -- CPU_WriteMem(4 bytes @ 0xE000ED0C) -- CPU_ReadMem(4 bytes @ 0xE000EDF0) -- CPU_ReadMem(4 bytes @ 0xE000EDF0) -- CPU_WriteMem(4 bytes @ 0xE000EDFC) -- CPU_WriteMem(16 bytes @ 0x20000000) -- CPU_WriteMem(4 bytes @ 0xE0002000) -- CPU_ReadMem(4 bytes @ 0xE000EDFC)
 -- CPU_ReadMem(4 bytes @ 0xE0001000) (0021ms, 0021ms total)
                JLINK_Go() -- CPU_ReadMem(4 bytes @ 0xE0001000) -- CPU_WriteMem(4 bytes @ 0xE0002008) -- CPU_WriteMem(4 bytes @ 0xE000200C) -- CPU_WriteMem(4 bytes @ 0xE0002010) -- CPU_WriteMem(4 bytes @ 0xE0002014) -- CPU_WriteMem(4 bytes @ 0xE0002018) -- CPU_WriteMem(4 bytes @ 0xE000201C) -- CPU_WriteMem(4 bytes @ 0xE0001004) (0003ms, 0024ms total)
               (0037ms, 40740ms total)
T288C 5075:894 JLINK_EMU_SelectByUSBSN(SerialNo = 269301870)  returns 0xFFFFFFFF (0000ms, 40740ms total)
T288C 5075:894 JLINK_GetFirmwareString(...) (0000ms, 40740ms total)
T288C 5075:894 JLINK_GetHardwareVersion()  returns 0x16B48 (0000ms, 40740ms total)
T288C 5075:894 JLINK_GetDLLVersion()  returns 61200 (0000ms, 40740ms total)
T288C 5075:958 JLINK_ExecCommand("ProjectFile = C:\Users\masil\OneDrive\Documents\GitHub\CDH\OBC_Test-DUE\jlink.config", ...).   returns 0x00 (0004ms, 40744ms total)
T288C 5075:962  (0000ms, 40744ms total)
T288C 5075:962 Closed (0000ms, 40744ms total)
